<?xml version="1.0" encoding="UTF-8"?>
<testng-results ignored="0" total="1" passed="1" failed="0" skipped="0">
  <reporter-output>
  </reporter-output>
  <suite started-at="2021-10-24T16:04:53 EDT" name="Regression" finished-at="2021-10-24T16:05:07 EDT" duration-ms="14661">
    <groups>
    </groups>
    <test started-at="2021-10-24T16:04:53 EDT" name="unit test" finished-at="2021-10-24T16:05:07 EDT" duration-ms="14661">
      <class name="health_care_test.AetnaOtcTestClass">
        <test-method is-config="true" signature="setup(java.lang.String)[pri:0, instance:health_care_test.AetnaOtcTestClass@865dd6]" started-at="2021-10-24T16:04:53 EDT" name="setup" finished-at="2021-10-24T16:05:03 EDT" duration-ms="10206" status="PASS">
          <params>
            <param index="0">
              <value>
                <![CDATA[chrome]]>
              </value>
            </param>
          </params>
          <reporter-output>
          </reporter-output>
        </test-method> <!-- setup -->
        <test-method signature="aetnaotctestclass()[pri:1, instance:health_care_test.AetnaOtcTestClass@865dd6]" started-at="2021-10-24T16:05:03 EDT" name="aetnaotctestclass" finished-at="2021-10-24T16:05:07 EDT" duration-ms="4382" status="PASS">
          <reporter-output>
          </reporter-output>
        </test-method> <!-- aetnaotctestclass -->
        <test-method is-config="true" signature="tearup()[pri:0, instance:health_care_test.AetnaOtcTestClass@865dd6]" started-at="2021-10-24T16:05:07 EDT" name="tearup" finished-at="2021-10-24T16:05:07 EDT" duration-ms="0" status="PASS">
          <reporter-output>
          </reporter-output>
        </test-method> <!-- tearup -->
      </class> <!-- health_care_test.AetnaOtcTestClass -->
    </test> <!-- unit test -->
  </suite> <!-- Regression -->
</testng-results>
