<?xml version="1.0" encoding="UTF-8"?>
<testng-results ignored="0" total="1" passed="1" failed="0" skipped="0">
  <reporter-output>
  </reporter-output>
  <suite started-at="2021-10-19T23:18:55 EDT" name="Default suite" finished-at="2021-10-19T23:19:29 EDT" duration-ms="33461">
    <groups>
    </groups>
    <test started-at="2021-10-19T23:18:55 EDT" name="Default test" finished-at="2021-10-19T23:19:29 EDT" duration-ms="33461">
      <class name="com.aetna.page.test.AetnaOtcTestClass">
        <test-method is-config="true" signature="setup()[pri:0, instance:com.aetna.page.test.AetnaOtcTestClass@79da8dc5]" started-at="2021-10-19T23:18:56 EDT" name="setup" finished-at="2021-10-19T23:19:06 EDT" duration-ms="10900" status="PASS">
          <reporter-output>
          </reporter-output>
        </test-method> <!-- setup -->
        <test-method signature="aetnaotctestclass()[pri:1, instance:com.aetna.page.test.AetnaOtcTestClass@79da8dc5]" started-at="2021-10-19T23:19:06 EDT" name="aetnaotctestclass" finished-at="2021-10-19T23:19:29 EDT" duration-ms="22280" status="PASS">
          <reporter-output>
          </reporter-output>
        </test-method> <!-- aetnaotctestclass -->
        <test-method is-config="true" signature="tearup()[pri:0, instance:com.aetna.page.test.AetnaOtcTestClass@79da8dc5]" started-at="2021-10-19T23:19:29 EDT" name="tearup" finished-at="2021-10-19T23:19:29 EDT" duration-ms="208" status="PASS">
          <reporter-output>
          </reporter-output>
        </test-method> <!-- tearup -->
      </class> <!-- com.aetna.page.test.AetnaOtcTestClass -->
    </test> <!-- Default test -->
  </suite> <!-- Default suite -->
</testng-results>
